SF:lib/entities/auth_params/login_params.dart
DA:5,1
LF:1
LH:1
end_of_record
SF:lib/entities/auth_params/register_params.dart
DA:6,1
LF:1
LH:1
end_of_record
SF:lib/model/service_response.dart
DA:5,1
DA:11,1
LF:2
LH:2
end_of_record
SF:lib/service/auth_service.dart
DA:9,1
DA:11,1
DA:15,3
DA:16,1
DA:17,1
DA:20,1
DA:21,1
DA:24,2
DA:25,1
DA:26,0
DA:27,1
DA:28,1
DA:32,1
DA:36,3
DA:37,1
DA:38,1
DA:41,1
DA:42,0
DA:45,2
DA:46,1
DA:47,0
DA:48,1
DA:49,1
DA:53,0
DA:54,0
LF:25
LH:20
end_of_record
SF:lib/entities/auth_params/no_params.dart
DA:2,0
LF:1
LH:0
end_of_record
SF:lib/app.dart
DA:9,1
DA:11,1
DA:13,2
DA:14,2
DA:15,1
LF:5
LH:5
end_of_record
SF:lib/pages/dashboard_screen.dart
DA:4,4
DA:6,1
DA:7,1
DA:11,1
DA:13,2
LF:5
LH:5
end_of_record
SF:lib/pages/splash_screen.dart
DA:6,3
DA:8,2
DA:9,2
DA:13,2
DA:15,2
DA:16,4
DA:17,2
DA:18,2
DA:20,2
DA:21,4
DA:25,2
DA:27,10
LF:12
LH:12
end_of_record
SF:lib/i18n/app_localizations.dart
DA:65,2
DA:66,4
DA:70,2
DA:71,2
DA:110,2
DA:112,2
DA:114,4
DA:117,2
DA:119,6
DA:121,0
DA:125,2
DA:127,2
DA:128,2
DA:129,2
DA:130,0
DA:131,0
DA:134,0
LF:17
LH:13
end_of_record
SF:lib/i18n/app_localizations_en.dart
DA:9,4
DA:11,2
LF:2
LH:2
end_of_record
SF:lib/i18n/app_localizations_hi.dart
DA:9,0
DA:11,0
LF:2
LH:0
end_of_record
SF:lib/pages/login_screen.dart
DA:14,4
DA:16,2
DA:17,2
DA:24,2
DA:26,2
DA:27,2
DA:28,2
DA:29,2
DA:30,4
DA:31,4
DA:32,4
DA:33,2
DA:34,2
DA:42,0
DA:43,0
DA:44,0
DA:48,0
DA:51,0
DA:52,0
DA:53,0
DA:54,0
DA:55,0
DA:56,0
DA:57,0
DA:59,0
DA:60,0
DA:61,0
DA:64,0
DA:65,0
DA:66,0
LF:30
LH:13
end_of_record
SF:lib/pages/register_screen.dart
DA:13,2
DA:15,0
DA:16,0
DA:23,0
DA:25,0
DA:26,0
DA:27,0
DA:28,0
DA:29,0
DA:30,0
DA:31,0
DA:37,0
DA:38,0
DA:39,0
DA:40,0
DA:41,0
DA:43,0
DA:44,0
DA:46,0
DA:47,0
DA:48,0
DA:51,0
DA:52,0
DA:53,0
DA:57,0
DA:58,0
DA:59,0
LF:27
LH:1
end_of_record
SF:lib/utils/snackbar.dart
DA:4,0
DA:5,0
DA:8,0
DA:9,0
DA:12,0
DA:17,0
DA:18,0
DA:19,0
LF:8
LH:0
end_of_record
SF:lib/widgets/button.dart
DA:4,2
DA:8,2
DA:10,6
LF:3
LH:3
end_of_record
SF:lib/widgets/input_field.dart
DA:4,2
DA:8,2
DA:10,4
LF:3
LH:3
end_of_record
SF:lib/utils/extensions.dart
DA:5,4
DA:6,0
DA:7,0
LF:3
LH:1
end_of_record
